[    0.000000] Linux version 4.15.0-176-generic (buildd@lcy02-amd64-020) (gcc version 7.5.0 (Ubuntu 7.5.0-3ubuntu1~18.04)) #185-Ubuntu SMP Tue Mar 29 17:40:04 UTC 2022 (Ubuntu 4.15.0-176.185-generic 4.15.18)
[    0.000000] Command line: BOOT_IMAGE=/boot/vmlinuz-4.15.0-176-generic root=LABEL=cloudimg-rootfs ro console=tty1 console=ttyS0
[    0.000000] KERNEL supported cpus:
[    0.000000]   Intel GenuineIntel
[    0.000000]   AMD AuthenticAMD
[    0.000000]   Centaur CentaurHauls
[    0.000000] [Firmware Bug]: TSC doesn't count with P0 frequency!
[    0.000000] x86/fpu: Supporting XSAVE feature 0x001: 'x87 floating point registers'
[    0.000000] x86/fpu: Supporting XSAVE feature 0x002: 'SSE registers'
[    0.000000] x86/fpu: Supporting XSAVE feature 0x004: 'AVX registers'
[    0.000000] x86/fpu: xstate_offset[2]:  576, xstate_sizes[2]:  256
[    0.000000] x86/fpu: Enabled xstate features 0x7, context size is 832 bytes, using 'standard' format.
[    0.000000] e820: BIOS-provided physical RAM map:
[    0.000000] BIOS-e820: [mem 0x0000000000000000-0x000000000009fbff] usable
[    0.000000] BIOS-e820: [mem 0x000000000009fc00-0x000000000009ffff] reserved
[    0.000000] BIOS-e820: [mem 0x00000000000f0000-0x00000000000fffff] reserved
[    0.000000] BIOS-e820: [mem 0x0000000000100000-0x000000003ffeffff] usable
[    0.000000] BIOS-e820: [mem 0x000000003fff0000-0x000000003fffffff] ACPI data
[    0.000000] BIOS-e820: [mem 0x00000000fec00000-0x00000000fec00fff] reserved
[    0.000000] BIOS-e820: [mem 0x00000000fee00000-0x00000000fee00fff] reserved
[    0.000000] BIOS-e820: [mem 0x00000000fffc0000-0x00000000ffffffff] reserved
[    0.000000] NX (Execute Disable) protection: active
[    0.000000] SMBIOS 2.5 present.
[    0.000000] DMI: innotek GmbH VirtualBox/VirtualBox, BIOS VirtualBox 12/01/2006
[    0.000000] Hypervisor detected: KVM
[    0.000000] e820: last_pfn = 0x3fff0 max_arch_pfn = 0x400000000
[    0.000000] MTRR: Disabled
[    0.000000] x86/PAT: MTRRs disabled, skipping PAT initialization too.
[    0.000000] CPU MTRRs all blank - virtualized system.
[    0.000000] x86/PAT: Configuration [0-7]: WB  WT  UC- UC  WB  WT  UC- UC  
[    0.000000] found SMP MP-table at [mem 0x0009fff0-0x0009ffff]
[    0.000000] Scanning 1 areas for low memory corruption
[    0.000000] RAMDISK: [mem 0x359cb000-0x36cdcfff]
[    0.000000] ACPI: Early table checksum verification disabled
[    0.000000] ACPI: RSDP 0x00000000000E0000 000024 (v02 VBOX  )
[    0.000000] ACPI: XSDT 0x000000003FFF0030 00003C (v01 VBOX   VBOXXSDT 00000001 ASL  00000061)
[    0.000000] ACPI: FACP 0x000000003FFF00F0 0000F4 (v04 VBOX   VBOXFACP 00000001 ASL  00000061)
[    0.000000] ACPI: DSDT 0x000000003FFF0470 002325 (v02 VBOX   VBOXBIOS 00000002 INTL 20100528)
[    0.000000] ACPI: FACS 0x000000003FFF0200 000040
[    0.000000] ACPI: FACS 0x000000003FFF0200 000040
[    0.000000] ACPI: APIC 0x000000003FFF0240 00005C (v02 VBOX   VBOXAPIC 00000001 ASL  00000061)
[    0.000000] ACPI: SSDT 0x000000003FFF02A0 0001CC (v01 VBOX   VBOXCPUT 00000002 INTL 20100528)
[    0.000000] ACPI: Reserving FACP table memory at [mem 0x3fff00f0-0x3fff01e3]
[    0.000000] ACPI: Reserving DSDT table memory at [mem 0x3fff0470-0x3fff2794]
[    0.000000] ACPI: Reserving FACS table memory at [mem 0x3fff0200-0x3fff023f]
[    0.000000] ACPI: Reserving FACS table memory at [mem 0x3fff0200-0x3fff023f]
[    0.000000] ACPI: Reserving APIC table memory at [mem 0x3fff0240-0x3fff029b]
[    0.000000] ACPI: Reserving SSDT table memory at [mem 0x3fff02a0-0x3fff046b]
[    0.000000] No NUMA configuration found
[    0.000000] Faking a node at [mem 0x0000000000000000-0x000000003ffeffff]
[    0.000000] NODE_DATA(0) allocated [mem 0x3ffc5000-0x3ffeffff]
[    0.000000] kvm-clock: cpu 0, msr 0:3ff44001, primary cpu clock
[    0.000000] kvm-clock: Using msrs 4b564d01 and 4b564d00
[    0.000000] kvm-clock: using sched offset of 3538473087 cycles
[    0.000000] clocksource: kvm-clock: mask: 0xffffffffffffffff max_cycles: 0x1cd42e4dffb, max_idle_ns: 881590591483 ns
[    0.000000] Zone ranges:
[    0.000000]   DMA      [mem 0x0000000000001000-0x0000000000ffffff]
[    0.000000]   DMA32    [mem 0x0000000001000000-0x000000003ffeffff]
[    0.000000]   Normal   empty
[    0.000000]   Device   empty
[    0.000000] Movable zone start for each node
[    0.000000] Early memory node ranges
[    0.000000]   node   0: [mem 0x0000000000001000-0x000000000009efff]
[    0.000000]   node   0: [mem 0x0000000000100000-0x000000003ffeffff]
[    0.000000] Reserved but unavailable: 104 pages
[    0.000000] Initmem setup node 0 [mem 0x0000000000001000-0x000000003ffeffff]
[    0.000000] ACPI: PM-Timer IO Port: 0x4008
[    0.000000] IOAPIC[0]: apic_id 2, version 32, address 0xfec00000, GSI 0-23
[    0.000000] ACPI: INT_SRC_OVR (bus 0 bus_irq 0 global_irq 2 dfl dfl)
[    0.000000] ACPI: INT_SRC_OVR (bus 0 bus_irq 9 global_irq 9 low level)
[    0.000000] Using ACPI (MADT) for SMP configuration information
[    0.000000] smpboot: Allowing 2 CPUs, 0 hotplug CPUs
[    0.000000] PM: Registered nosave memory: [mem 0x00000000-0x00000fff]
[    0.000000] PM: Registered nosave memory: [mem 0x0009f000-0x0009ffff]
[    0.000000] PM: Registered nosave memory: [mem 0x000a0000-0x000effff]
[    0.000000] PM: Registered nosave memory: [mem 0x000f0000-0x000fffff]
[    0.000000] e820: [mem 0x40000000-0xfebfffff] available for PCI devices
[    0.000000] Booting paravirtualized kernel on KVM
[    0.000000] clocksource: refined-jiffies: mask: 0xffffffff max_cycles: 0xffffffff, max_idle_ns: 7645519600211568 ns
[    0.000000] random: get_random_bytes called from start_kernel+0x99/0x500 with crng_init=0
[    0.000000] setup_percpu: NR_CPUS:8192 nr_cpumask_bits:2 nr_cpu_ids:2 nr_node_ids:1
[    0.000000] percpu: Embedded 50 pages/cpu s167936 r8192 d28672 u1048576
[    0.000000] PV qspinlock hash table entries: 256 (order: 0, 4096 bytes)
[    0.000000] Built 1 zonelists, mobility grouping on.  Total pages: 257913
[    0.000000] Policy zone: DMA32
[    0.000000] Kernel command line: BOOT_IMAGE=/boot/vmlinuz-4.15.0-176-generic root=LABEL=cloudimg-rootfs ro console=tty1 console=ttyS0
[    0.000000] Memory: 982648K/1048120K available (12300K kernel code, 2484K rwdata, 4324K rodata, 2468K init, 2724K bss, 65472K reserved, 0K cma-reserved)
[    0.000000] SLUB: HWalign=64, Order=0-3, MinObjects=0, CPUs=2, Nodes=1
[    0.000000] ftrace: allocating 39504 entries in 155 pages
[    0.004000] Hierarchical RCU implementation.
[    0.004000] 	RCU restricting CPUs from NR_CPUS=8192 to nr_cpu_ids=2.
[    0.004000] 	Tasks RCU enabled.
[    0.004000] RCU: Adjusting geometry for rcu_fanout_leaf=16, nr_cpu_ids=2
[    0.004000] NR_IRQS: 524544, nr_irqs: 440, preallocated irqs: 16
[    0.004000] Console: colour VGA+ 80x25
[    0.004000] console [tty1] enabled
[    0.004000] console [ttyS0] enabled
[    0.004000] ACPI: Core revision 20170831
[    0.004000] ACPI: 2 ACPI AML tables successfully acquired and loaded
[    0.004000] APIC: Switch to symmetric I/O mode setup
[    0.004000] x2apic enabled
[    0.004000] Switched APIC routing to physical x2apic.
[    0.004000] ..TIMER: vector=0x30 apic1=0 pin1=2 apic2=-1 pin2=-1
[    0.004000] tsc: Detected 2295.686 MHz processor
[    0.004000] Calibrating delay loop (skipped) preset value.. 4591.37 BogoMIPS (lpj=9182744)
[    0.004000] pid_max: default: 32768 minimum: 301
[    0.004000] Security Framework initialized
[    0.004000] Yama: becoming mindful.
[    0.004000] AppArmor: AppArmor initialized
[    0.004000] Dentry cache hash table entries: 131072 (order: 8, 1048576 bytes)
[    0.004000] Inode-cache hash table entries: 65536 (order: 7, 524288 bytes)
[    0.004000] Mount-cache hash table entries: 2048 (order: 2, 16384 bytes)
[    0.004000] Mountpoint-cache hash table entries: 2048 (order: 2, 16384 bytes)
[    0.004000] Last level iTLB entries: 4KB 1024, 2MB 1024, 4MB 512
[    0.004000] Last level dTLB entries: 4KB 1536, 2MB 1536, 4MB 768, 1GB 0
[    0.004000] Spectre V1 : Mitigation: usercopy/swapgs barriers and __user pointer sanitization
[    0.004000] Spectre V2 : LFENCE not serializing, switching to generic retpoline
[    0.004000] Spectre V2 : Mitigation: Retpolines
[    0.004000] Spectre V2 : Spectre v2 / SpectreRSB mitigation: Filling RSB on context switch
[    0.004000] Speculative Store Bypass: Mitigation: Speculative Store Bypass disabled via prctl and seccomp
[    0.004000] Freeing SMP alternatives memory: 36K
[    0.117612] APIC calibration not consistent with PM-Timer: 110ms instead of 100ms
[    0.118588] APIC delta adjusted to PM-Timer: 6438996 (7128687)
[    0.119380] smpboot: CPU0: AMD Ryzen 7 3750H with Radeon Vega Mobile Gfx (family: 0x17, model: 0x18, stepping: 0x1)
[    0.120000] Performance Events: PMU not available due to virtualization, using software events only.
[    0.120000] Hierarchical SRCU implementation.
[    0.120000] NMI watchdog: Perf event create on CPU 0 failed with -2
[    0.120000] NMI watchdog: Perf NMI watchdog permanently disabled
[    0.120000] smp: Bringing up secondary CPUs ...
[    0.120000] x86: Booting SMP configuration:
[    0.120000] .... node  #0, CPUs:      #1
[    0.004000] kvm-clock: cpu 1, msr 0:3ff44041, secondary cpu clock
[    0.124030] smp: Brought up 1 node, 2 CPUs
[    0.124700] smpboot: Max logical packages: 1
[    0.125396] smpboot: Total of 2 processors activated (9182.74 BogoMIPS)
[    0.126418] devtmpfs: initialized
[    0.126418] x86/mm: Memory block size: 128MB
[    0.128199] evm: security.selinux
[    0.128732] evm: security.SMACK64
[    0.129228] evm: security.SMACK64EXEC
[    0.129719] evm: security.SMACK64TRANSMUTE
[    0.130245] evm: security.SMACK64MMAP
[    0.130787] evm: security.apparmor
[    0.131250] evm: security.ima
[    0.131629] evm: security.capability
[    0.132123] clocksource: jiffies: mask: 0xffffffff max_cycles: 0xffffffff, max_idle_ns: 7645041785100000 ns
[    0.133704] futex hash table entries: 512 (order: 3, 32768 bytes)
[    0.134806] pinctrl core: initialized pinctrl subsystem
[    0.137252] RTC time: 18:56:53, date: 05/01/22
[    0.140058] NET: Registered protocol family 16
[    0.141039] audit: initializing netlink subsys (disabled)
[    0.141857] audit: type=2000 audit(1651431418.584:1): state=initialized audit_enabled=0 res=1
[    0.144018] cpuidle: using governor ladder
[    0.144674] cpuidle: using governor menu
[    0.144738] ACPI: bus type PCI registered
[    0.144738] acpiphp: ACPI Hot Plug PCI Controller Driver version: 0.5
[    0.145541] PCI: Using configuration type 1 for base access
[    0.148004] PCI: Using configuration type 1 for extended access
[    0.148817] HugeTLB registered 2.00 MiB page size, pre-allocated 0 pages
[    0.152082] ACPI: Added _OSI(Module Device)
[    0.152763] ACPI: Added _OSI(Processor Device)
[    0.153668] ACPI: Added _OSI(3.0 _SCP Extensions)
[    0.154626] ACPI: Added _OSI(Processor Aggregator Device)
[    0.155568] ACPI: Added _OSI(Linux-Dell-Video)
[    0.156011] ACPI: Added _OSI(Linux-Lenovo-NV-HDMI-Audio)
[    0.156863] ACPI: Added _OSI(Linux-HPI-Hybrid-Graphics)
[    0.157865] ACPI: Executed 1 blocks of module-level executable AML code
[    0.157865] ACPI: Interpreter enabled
[    0.157865] ACPI: (supports S0 S5)
[    0.158157] ACPI: Using IOAPIC for interrupt routing
[    0.159006] PCI: Using host bridge windows from ACPI; if necessary, use "pci=nocrs" and report a bug
[    0.160000] ACPI: Enabled 2 GPEs in block 00 to 07
[    0.165760] ACPI: PCI Root Bridge [PCI0] (domain 0000 [bus 00-ff])
[    0.166596] acpi PNP0A03:00: _OSC: OS supports [ExtendedConfig ASPM ClockPM Segments MSI]
[    0.172806] acpi PNP0A03:00: _OSC: platform does not support [PCIeCapability]
[    0.174072] acpi PNP0A03:00: _OSC: not requesting control; platform does not support [PCIeCapability]
[    0.175692] acpi PNP0A03:00: _OSC: OS requested [PCIeHotplug PME AER PCIeCapability]
[    0.176005] acpi PNP0A03:00: _OSC: platform willing to grant [PCIeHotplug PME AER]
[    0.177026] acpi PNP0A03:00: _OSC failed (AE_SUPPORT); disabling ASPM
[    0.178250] PCI host bridge to bus 0000:00
[    0.178786] pci_bus 0000:00: root bus resource [io  0x0000-0x0cf7 window]
[    0.180003] pci_bus 0000:00: root bus resource [io  0x0d00-0xffff window]
[    0.180819] pci_bus 0000:00: root bus resource [mem 0x000a0000-0x000bffff window]
[    0.181755] pci_bus 0000:00: root bus resource [mem 0x40000000-0xfdffffff window]
[    0.182718] pci_bus 0000:00: root bus resource [bus 00-ff]
[    0.186058] pci 0000:00:01.1: legacy IDE quirk: reg 0x10: [io  0x01f0-0x01f7]
[    0.187034] pci 0000:00:01.1: legacy IDE quirk: reg 0x14: [io  0x03f6]
[    0.187826] pci 0000:00:01.1: legacy IDE quirk: reg 0x18: [io  0x0170-0x0177]
[    0.188004] pci 0000:00:01.1: legacy IDE quirk: reg 0x1c: [io  0x0376]
[    0.206780] pci 0000:00:07.0: quirk: [io  0x4000-0x403f] claimed by PIIX4 ACPI
[    0.207780] pci 0000:00:07.0: quirk: [io  0x4100-0x410f] claimed by PIIX4 SMB
[    0.214648] ACPI: PCI Interrupt Link [LNKA] (IRQs 5 9 10 *11)
[    0.215705] ACPI: PCI Interrupt Link [LNKB] (IRQs 5 9 *10 11)
[    0.216141] ACPI: PCI Interrupt Link [LNKC] (IRQs 5 *9 10 11)
[    0.216949] ACPI: PCI Interrupt Link [LNKD] (IRQs 5 9 10 *11)
[    0.218045] SCSI subsystem initialized
[    0.218561] pci 0000:00:02.0: vgaarb: setting as boot VGA device
[    0.218561] pci 0000:00:02.0: vgaarb: VGA device added: decodes=io+mem,owns=io+mem,locks=none
[    0.220010] pci 0000:00:02.0: vgaarb: bridge control possible
[    0.220717] vgaarb: loaded
[    0.221119] ACPI: bus type USB registered
[    0.221660] usbcore: registered new interface driver usbfs
[    0.222337] usbcore: registered new interface driver hub
[    0.223001] usbcore: registered new device driver usb
[    0.224073] EDAC MC: Ver: 3.0.0
[    0.224679] PCI: Using ACPI for IRQ routing
[    0.224875] NetLabel: Initializing
[    0.225336] NetLabel:  domain hash size = 128
[    0.225896] NetLabel:  protocols = UNLABELED CIPSOv4 CALIPSO
[    0.226598] NetLabel:  unlabeled traffic allowed by default
[    0.228094] clocksource: Switched to clocksource kvm-clock
[    0.242042] VFS: Disk quotas dquot_6.6.0
[    0.242746] VFS: Dquot-cache hash table entries: 512 (order 0, 4096 bytes)
[    0.244054] AppArmor: AppArmor Filesystem Enabled
[    0.244691] pnp: PnP ACPI init
[    0.245961] pnp: PnP ACPI: found 3 devices
[    0.254597] clocksource: acpi_pm: mask: 0xffffff max_cycles: 0xffffff, max_idle_ns: 2085701024 ns
[    0.255827] NET: Registered protocol family 2
[    0.256483] IP idents hash table entries: 16384 (order: 5, 131072 bytes)
[    0.258686] TCP established hash table entries: 8192 (order: 4, 65536 bytes)
[    0.259588] TCP bind hash table entries: 8192 (order: 5, 131072 bytes)
[    0.260418] TCP: Hash tables configured (established 8192 bind 8192)
[    0.261216] UDP hash table entries: 512 (order: 2, 16384 bytes)
[    0.262032] UDP-Lite hash table entries: 512 (order: 2, 16384 bytes)
[    0.262925] NET: Registered protocol family 1
[    0.263588] pci 0000:00:00.0: Limiting direct PCI/PCI transfers
[    0.264461] pci 0000:00:01.0: Activating ISA DMA hang workarounds
[    0.265400] pci 0000:00:02.0: Video device with shadowed ROM at [mem 0x000c0000-0x000dffff]
[    0.266654] Unpacking initramfs...
[    0.536930] Freeing initrd memory: 19528K
[    0.537923] clocksource: tsc: mask: 0xffffffffffffffff max_cycles: 0x211749f51e2, max_idle_ns: 440795249748 ns
[    0.539585] platform rtc_cmos: registered platform RTC device (no PNP device found)
[    0.540860] Scanning for low memory corruption every 60 seconds
[    0.542236] Initialise system trusted keyrings
[    0.542892] Key type blacklist registered
[    0.543526] workingset: timestamp_bits=36 max_order=18 bucket_order=0
[    0.545137] zbud: loaded
[    0.545959] squashfs: version 4.0 (2009/01/31) Phillip Lougher
[    0.546905] fuse init (API version 7.26)
[    0.550707] Key type asymmetric registered
[    0.551374] Asymmetric key parser 'x509' registered
[    0.552173] Block layer SCSI generic (bsg) driver version 0.4 loaded (major 246)
[    0.553185] io scheduler noop registered
[    0.553719] io scheduler deadline registered
[    0.554395] io scheduler cfq registered (default)
[    0.555315] ACPI: AC Adapter [AC] (on-line)
[    0.555959] input: Power Button as /devices/LNXSYSTM:00/LNXPWRBN:00/input/input0
[    0.557206] ACPI: Power Button [PWRF]
[    0.557826] input: Sleep Button as /devices/LNXSYSTM:00/LNXSLPBN:00/input/input1
[    0.558870] ACPI: Sleep Button [SLPF]
[    0.559937] Serial: 8250/16550 driver, 32 ports, IRQ sharing enabled
[    0.560520] ACPI: Battery Slot [BAT0] (battery present)
[    0.581848] 00:02: ttyS0 at I/O 0x3f8 (irq = 4, base_baud = 115200) is a 16550A
[    0.585671] Linux agpgart interface v0.103
[    0.587468] loop: module loaded
[    0.588398] scsi host0: ata_piix
[    0.588955] scsi host1: ata_piix
[    0.589415] ata1: PATA max UDMA/33 cmd 0x1f0 ctl 0x3f6 bmdma 0xd000 irq 14
[    0.590466] ata2: PATA max UDMA/33 cmd 0x170 ctl 0x376 bmdma 0xd008 irq 15
[    0.591470] tun: Universal TUN/TAP device driver, 1.6
[    0.592312] PPP generic driver version 2.4.2
[    0.593138] ehci_hcd: USB 2.0 'Enhanced' Host Controller (EHCI) Driver
[    0.593968] ehci-pci: EHCI PCI platform driver
[    0.594565] ehci-platform: EHCI generic platform driver
[    0.595232] ohci_hcd: USB 1.1 'Open' Host Controller (OHCI) Driver
[    0.596009] ohci-pci: OHCI PCI platform driver
[    0.596624] ohci-platform: OHCI generic platform driver
[    0.597559] uhci_hcd: USB Universal Host Controller Interface driver
[    0.598608] i8042: PNP: PS/2 Controller [PNP0303:PS2K,PNP0f03:PS2M] at 0x60,0x64 irq 1,12
[    0.600208] serio: i8042 KBD port at 0x60,0x64 irq 1
[    0.600982] serio: i8042 AUX port at 0x60,0x64 irq 12
[    0.602185] mousedev: PS/2 mouse device common for all mice
[    0.603278] input: AT Translated Set 2 keyboard as /devices/platform/i8042/serio0/input/input2
[    0.604768] rtc_cmos rtc_cmos: rtc core: registered rtc_cmos as rtc0
[    0.605614] rtc_cmos rtc_cmos: alarms up to one day, 114 bytes nvram
[    0.606718] i2c /dev entries driver
[    0.607411] device-mapper: uevent: version 1.0.3
[    0.608358] device-mapper: ioctl: 4.37.0-ioctl (2017-09-20) initialised: dm-devel@redhat.com
[    0.609746] ledtrig-cpu: registered to indicate activity on CPUs
[    0.610943] NET: Registered protocol family 10
[    0.614162] Segment Routing with IPv6
[    0.614813] NET: Registered protocol family 17
[    0.615675] Key type dns_resolver registered
[    0.616595] mce: Using 0 MCE banks
[    0.617178] RAS: Correctable Errors collector initialized.
[    0.618043] sched_clock: Marking stable (616560445, 0)->(763005496, -146445051)
[    0.619617] registered taskstats version 1
[    0.620261] Loading compiled-in X.509 certificates
[    0.622710] Loaded X.509 cert 'Build time autogenerated kernel key: cf84eab1a20f3cf5ac3912166f3a35d35ba78c0c'
[    0.624611] Loaded X.509 cert 'Canonical Ltd. Live Patch Signing: 14df34d1a87cf37625abec039ef2bf521249b969'
[    0.626346] Loaded X.509 cert 'Canonical Ltd. Kernel Module Signing: 88f752e560a1e0737e31163a466ad7b70a850c19'
[    0.627725] blacklist: Loading compiled-in revocation X.509 certificates
[    0.628679] Loaded X.509 cert 'Canonical Ltd. Secure Boot Signing: 61482aa2830d0ab2ad5af10b7250da9033ddcef0'
[    0.629939] zswap: loaded using pool lzo/zbud
[    0.633860] Key type big_key registered
[    0.634609] Key type trusted registered
[    0.636614] Key type encrypted registered
[    0.637183] AppArmor: AppArmor sha1 policy hashing enabled
[    0.637875] ima: No TPM chip found, activating TPM-bypass! (rc=-19)
[    0.638669] ima: Allocated hash algorithm: sha1
[    0.639258] evm: HMAC attrs: 0x1
[    0.640117]   Magic number: 6:867:947
[    0.640632] tty tty4: hash matches
[    0.641136] memory memory0: hash matches
[    0.641708] rtc_cmos rtc_cmos: setting system clock to 2022-05-01 18:56:54 UTC (1651431414)
[    0.643316] BIOS EDD facility v0.16 2004-Jun-25, 0 devices found
[    0.644059] EDD information not available.
[    1.117917] Freeing unused kernel image memory: 2468K
[    1.281765] Write protecting the kernel read-only data: 20480k
[    1.283488] Freeing unused kernel image memory: 2008K
[    1.284798] Freeing unused kernel image memory: 1820K
[    1.293233] x86/mm: Checked W+X mappings: passed, no W+X pages found.
Loading, please wait...
starting version 237
[    1.344225] Fusion MPT base driver 3.04.20
[    1.344235] e1000: Intel(R) PRO/1000 Network Driver - version 7.3.21-k8-NAPI
[    1.344809] Copyright (c) 1999-2008 LSI Corporation
[    1.345695] e1000: Copyright (c) 1999-2006 Intel Corporation.
[    1.349883] Fusion MPT SPI Host driver 3.04.20
[    1.360471] AVX2 version of gcm_enc/dec engaged.
[    1.361221] AES CTR mode by8 optimization enabled
[    1.577234] input: ImExPS/2 Generic Explorer Mouse as /devices/platform/i8042/serio1/input/input4
[    2.276291] e1000 0000:00:03.0 eth0: (PCI:33MHz:32-bit) 02:a2:6a:7b:07:96
[    2.277190] e1000 0000:00:03.0 eth0: Intel(R) PRO/1000 Network Connection
[    2.278822] e1000 0000:00:03.0 enp0s3: renamed from eth0
[    2.279203] mptbase: ioc0: Initiating bringup
[    2.388294] ioc0: LSI53C1030 A0: Capabilities={Initiator}
[    4.436931] scsi host2: ioc0: LSI53C1030 A0, FwRev=00000000h, Ports=1, MaxQ=256, IRQ=20
[    4.613321] scsi 2:0:0:0: Direct-Access     VBOX     HARDDISK         1.0  PQ: 0 ANSI: 5
[    4.644172] scsi target2:0:0: Beginning Domain Validation
[    4.645826] scsi target2:0:0: Domain Validation skipping write tests
[    4.647120] scsi target2:0:0: Ending Domain Validation
[    4.648995] scsi target2:0:0: asynchronous
[    4.649991] scsi 2:0:1:0: Direct-Access     VBOX     HARDDISK         1.0  PQ: 0 ANSI: 5
[    5.175941] scsi target2:0:1: Beginning Domain Validation
[    5.178116] scsi target2:0:1: Domain Validation skipping write tests
[    5.179284] scsi target2:0:1: Ending Domain Validation
[    5.180369] scsi target2:0:1: asynchronous
[    5.180977] random: fast init done
[    5.184410] random: systemd-udevd: uninitialized urandom read (16 bytes read)
[    5.184707] sd 2:0:0:0: [sda] 83886080 512-byte logical blocks: (42.9 GB/40.0 GiB)
[    5.185495] random: systemd-udevd: uninitialized urandom read (16 bytes read)
[    5.186491] sd 2:0:0:0: [sda] Write Protect is off
[    5.187377] random: systemd-udevd: uninitialized urandom read (16 bytes read)
[    5.189334] sd 2:0:0:0: [sda] Incomplete mode parameter data
[    5.190198] sd 2:0:0:0: [sda] Assuming drive cache: write through
[    5.191035] sd 2:0:0:0: Attached scsi generic sg0 type 0
[    5.192753] sd 2:0:1:0: Attached scsi generic sg1 type 0
[    5.193489] sd 2:0:1:0: [sdb] 20480 512-byte logical blocks: (10.5 MB/10.0 MiB)
[    5.194527] sd 2:0:1:0: [sdb] Write Protect is off
[    5.195230] sd 2:0:1:0: [sdb] Incomplete mode parameter data
[    5.196064]  sda: sda1
[    5.196108] sd 2:0:1:0: [sdb] Assuming drive cache: write through
[    5.198517] sd 2:0:0:0: [sda] Attached SCSI disk
[    5.200918] sd 2:0:1:0: [sdb] Attached SCSI disk
Begin: Loading essential drivers ... [    6.602162] raid6: sse2x1   gen()  8557 MB/s
[    6.648211] raid6: sse2x1   xor()  6076 MB/s
[    6.696207] raid6: sse2x2   gen() 11612 MB/s
[    6.744199] raid6: sse2x2   xor()  8675 MB/s
[    6.792191] raid6: sse2x4   gen() 13091 MB/s
[    6.841168] raid6: sse2x4   xor()  7679 MB/s
[    6.888231] raid6: avx2x1   gen() 13632 MB/s
[    6.936181] raid6: avx2x1   xor() 11380 MB/s
[    6.985090] raid6: avx2x2   gen() 19184 MB/s
[    7.032197] raid6: avx2x2   xor() 12009 MB/s
[    7.080188] raid6: avx2x4   gen() 19799 MB/s
[    7.128192] raid6: avx2x4   xor() 10386 MB/s
[    7.128945] raid6: using algorithm avx2x4 gen() 19799 MB/s
[    7.130088] raid6: .... xor() 10386 MB/s, rmw enabled
[    7.130905] raid6: using avx2x2 recovery algorithm
[    7.133084] xor: automatically using best checksumming function   avx       
[    7.135058] async_tx: api initialized (async)
done.
Begin: Running /scripts/init-premount ... done.
Begin: Mounting root file system ... Begin: Running /scripts/local-top ... done.
Begin: Running /scripts/local-premount ... [    7.179150] Btrfs loaded, crc32c=crc32c-intel
Scanning for Btrfs filesystems
done.
Warning: fsck not present, so skipping root file system
[    7.209910] EXT4-fs (sda1): mounted filesystem with ordered data mode. Opts: (null)
done.
Begin: Running /scripts/local-bottom ... done.
Begin: Running /scripts/init-bottom ... done.
[    7.358577] ip_tables: (C) 2000-2006 Netfilter Core Team
[    7.366779] systemd[1]: systemd 237 running in system mode. (+PAM +AUDIT +SELINUX +IMA +APPARMOR +SMACK +SYSVINIT +UTMP +LIBCRYPTSETUP +GCRYPT +GNUTLS +ACL +XZ +LZ4 +SECCOMP +BLKID +ELFUTILS +KMOD -IDN2 +IDN -PCRE2 default-hierarchy=hybrid)
[    7.369984] systemd[1]: Detected virtualization oracle.
[    7.370892] systemd[1]: Detected architecture x86-64.

Welcome to [1mUbuntu 18.04.6 LTS[0m!

[    7.377038] systemd[1]: Set hostname to <ubuntu>.
[    7.379959] systemd[1]: Initializing machine ID from random generator.
[    7.381113] systemd[1]: Installed transient /etc/machine-id file.
[    7.616302] systemd[1]: Created slice System Slice.
[[0;32m  OK  [0m] Created slice System Slice.
[    7.617756] systemd[1]: Listening on /dev/initctl Compatibility Named Pipe.
[[0;32m  OK  [0m] Listening on /dev/initctl Compatibility Named Pipe.
[    7.619534] systemd[1]: Listening on LVM2 poll daemon socket.
[[0;32m  OK  [0m] Listening on LVM2 poll daemon socket.
[    7.621252] systemd[1]: Listening on Journal Socket.
[[0;32m  OK  [0m] Listening on Journal Socket.
         Starting Load Kernel Modules...
[[0;32m  OK  [0m] Listening on Syslog Socket.
[[0;32m  OK  [0m] Reached target User and Group Name Lookups.
[[0;32m  OK  [0m] Listening on udev Kernel Socket.
[[0;32m  OK  [0m] Created slice system-serial\x2dgetty.slice.
[[0;32m  OK  [0m] Reached target System Time Synchronized.
[[0;32m  OK  [0m] Created slice User and Session Slice.
[[0;32m  OK  [0m] Reached target Slices.
         Mounting Huge Pages File System...
[[0;32m  OK  [0m] Listening on fsck to fsckd communication Socket.
[[0;32m  OK  [0m] Listening on Device-mapper event daemon FIFOs.
[[0;32m  OK  [0m] Listening on Network Service Netlink Socket.
[[0;32m  OK  [0m] Listening on Journal Socket (/dev/log).
         Mounting POSIX Message Queue File System...
         Starting Create list of required st…ce nodes for the current kernel...
[[0;32m  OK  [0m] Set up automount Arbitrary Executab…rmats File System Automount Point.
         Starting Set the console keyboard layout...
         Mounting Kernel Debug File System...
[[0;32m  OK  [0m] Reached target Swap.
         Starting Uncomplicated firewall...
[[0;32m  OK  [0m] Listening on Journal Audit Socket.
[[0;32m  OK  [0m] Listening on udev Control Socket.
         Starting udev Coldplug all Devices...
[[0;32m  OK  [0m] Listening on LVM2 metadata daemon socket.
         Starting Monitoring of LVM2 mirrors…ng dmeventd or progress polling...
         Starting File System Check on Root Device...
         Starting Journal Service...
[[0;32m  OK  [0m] Started Forw[    7.680428] Loading iSCSI transport class v2.0-870.
ard Password Requests to Wall Directory Watch.
[[0;32m  OK  [0m] Started Create list of required sta…vice nodes for the current kernel.
         Starting Create Static Device Nodes in /dev...
[[0;32m  OK  [[    7.713880] iscsi: registered transport (tcp)
0m] Mounted Huge Pages File System.
[[0;32m  OK  [0m] Mounted POSIX Message Queue File System.
[[0;32m  OK  [0m] Mounted Kernel Debug File System.
[[0;32m  OK  [0m] Started Uncomplicated firewall.
[[0;32m  OK  [0m] Started File System Check Daemon to report status.
[[0;32m  OK  [0m] Started udev Coldplug all Devices.
[[0;32m  OK  [0m] Started LVM2 metadata daemon.
[[0;32m  OK  [0m] Started Journal Service.
[[0;32m  OK  [0m] Started Create Static Device Nodes in /dev.
[    7.814788] iscsi: registered transport (iser)
[[0;32m  OK  [0m] Started Load Kernel Modules.
         Mounting Kernel Configuration File System...
         Starting Apply Kernel Variables...
         Mounting FUSE Control File System...
[[0;32m  OK  [0m] Mounted Kernel Configuration File System.
[[0;32m  OK  [0m] Mounted FUSE Control File System.
[[0;32m  OK  [0m] Started File System Check on Root Device.
         Starting Remount Root and Kernel File Systems...
[[0;32m  OK  [0m] Started Monitoring of LVM2 mirrors,…sing dmeventd or progress polling.
[[0;32m  OK  [0m] Started Remount Root and Kernel File Systems.
         Starting Flush Journal to Persistent Storage...
         Starting udev Kernel Device Manager...
         Starting Load/Save Random Seed...
[[0;32m  OK  [0m] Started Apply Kernel Variables.
[[0;32m  OK  [0m] Started Load/Save Random Seed.
[[0;32m  OK  [0m] Started udev Kernel Device Manager.
[[0;32m  OK  [0m] Started Flush Journal to Persistent Storage.
[[0;32m  OK  [0m] Found device /dev/ttyS0.
[[0;32m  OK  [0m] Listening on Load/Save RF Kill Switch Status /dev/rfkill Watch.
[[0;32m  OK  [0m] Started Set the console keyboard layout.
[[0;32m  OK  [0m] Started Dispatch Password Requests to Console Directory Watch.
[[0;32m  OK  [0m] Reached target Local Encrypted Volumes.
[[0;32m  OK  [0m] Reached target Local File Systems (Pre).
[[0;32m  OK  [0m] Reached target Local File Systems.
         Starting Create Volatile Files and Directories...
         Starting ebtables ruleset management...
         Starting AppArmor initialization...
         Starting Set console font and keymap...
         Starting Commit a transient machine-id on disk...
         Starting Tell Plymouth To Write Out Runtime Data...
[[0;32m  OK  [0m] Started Set console font and keymap.
[[0;32m  OK  [0m] Started Tell Plymouth To Write Out Runtime Data.
[[0;32m  OK  [0m] Started Create Volatile Files and Directories.
         Starting Update UTMP about System Boot/Shutdown...
[[0;32m  OK  [0m] Started Update UTMP about System Boot/Shutdown.
[[0;32m  OK  [0m] Started Commit a transient machine-id on disk.
[[0;32m  OK  [0m] Started ebtables ruleset management.
[[0;32m  OK  [0m] Started AppArmor initialization.
         Starting Load AppArmor profiles managed internally by snapd...
         Starting Initial cloud-init job (pre-networking)...
[[0;32m  OK  [0m] Started Load AppArmor profiles managed internally by snapd.
[   10.297725] cloud-init[656]: Cloud-init v. 22.1-14-g2e17a0d6-0ubuntu1~18.04.3 running 'init-local' at Sun, 01 May 2022 18:57:03 +0000. Up 10.00 seconds.
[[0;32m  OK  [0m] Started Initial cloud-init job (pre-networking).
[[0;32m  OK  [0m] Reached target Network (Pre).
         Starting Network Service...
[[0;32m  OK  [0m] Started Network Service.
         Starting Wait for Network to be Configured...
         Starting Network Name Resolution...
[[0;32m  OK  [0m] Started Network Name Resolution.
[[0;32m  OK  [0m] Reached target Host and Network Name Lookups.
[[0;32m  OK  [0m] Reached target Network.
[[0;32m  OK  [0m] Started Wait for Network to be Configured.
         Starting Initial cloud-init job (metadata service crawler)...
[   13.171257] cloud-init[768]: Cloud-init v. 22.1-14-g2e17a0d6-0ubuntu1~18.04.3 running 'init' at Sun, 01 May 2022 18:57:06 +0000. Up 12.86 seconds.
[   13.174675] cloud-init[768]: ci-info: +++++++++++++++++++++++++++++++++++++Net device info++++++++++++++++++++++++++++++++++++++
[   13.176718] cloud-init[768]: ci-info: +--------+------+---------------------------+---------------+--------+-------------------+
[   13.178552] cloud-init[768]: ci-info: | Device |  Up  |          Address          |      Mask     | Scope  |     Hw-Address    |
[   13.180679] cloud-init[768]: ci-info: +--------+------+---------------------------+---------------+--------+-------------------+
[   13.182423] cloud-init[768]: ci-info: | enp0s3 | True |         10.0.2.15         | 255.255.255.0 | global | 02:a2:6a:7b:07:96 |
[   13.184713] cloud-init[768]: ci-info: | enp0s3 | True | fe80::a2:6aff:fe7b:796/64 |       .       |  link  | 02:a2:6a:7b:07:96 |
[   13.186709] cloud-init[768]: ci-info: |   lo   | True |         127.0.0.1         |   255.0.0.0   |  host  |         .         |
[   13.188727] cloud-init[768]: ci-info: |   lo   | True |          ::1/128          |       .       |  host  |         .         |
[   13.190954] cloud-init[768]: ci-info: +--------+------+---------------------------+---------------+--------+-------------------+
[   13.192481] cloud-init[768]: ci-info: ++++++++++++++++++++++++++++Route IPv4 info+++++++++++++++++++++++++++++
[   13.194160] cloud-init[768]: ci-info: +-------+-------------+----------+-----------------+-----------+-------+
[   13.195769] cloud-init[768]: ci-info: | Route | Destination | Gateway  |     Genmask     | Interface | Flags |
[   13.208897] cloud-init[768]: ci-info: +-------+-------------+----------+-----------------+-----------+-------+
[   13.211205] cloud-init[768]: ci-info: |   0   |   0.0.0.0   | 10.0.2.2 |     0.0.0.0     |   enp0s3  |   UG  |
[   13.212774] cloud-init[768]: ci-info: |   1   |   10.0.2.0  | 0.0.0.0  |  255.255.255.0  |   enp0s3  |   U   |
[   13.215600] cloud-init[768]: ci-info: |   2   |   10.0.2.2  | 0.0.0.0  | 255.255.255.255 |   enp0s3  |   UH  |
[   13.228581] cloud-init[768]: ci-info: +-------+-------------+----------+-----------------+-----------+-------+
[   13.229934] cloud-init[768]: ci-info: +++++++++++++++++++Route IPv6 info+++++++++++++++++++
[   13.231503] cloud-init[768]: ci-info: +-------+-------------+---------+-----------+-------+
[   13.232607] cloud-init[768]: ci-info: | Route | Destination | Gateway | Interface | Flags |
[   13.233955] cloud-init[768]: ci-info: +-------+-------------+---------+-----------+-------+
[   13.235382] cloud-init[768]: ci-info: |   1   |  fe80::/64  |    ::   |   enp0s3  |   U   |
[   13.237007] cloud-init[768]: ci-info: |   3   |    local    |    ::   |   enp0s3  |   U   |
[   13.239606] cloud-init[768]: ci-info: |   4   |   ff00::/8  |    ::   |   enp0s3  |   U   |
[   13.240654] cloud-init[768]: ci-info: +-------+-------------+---------+-----------+-------+
[   14.375638] cloud-init[768]: Generating public/private rsa key pair.
[   14.377832] cloud-init[768]: Your identification has been saved in /etc/ssh/ssh_host_rsa_key.
[   14.379979] cloud-init[768]: Your public key has been saved in /etc/ssh/ssh_host_rsa_key.pub.
[   14.381536] cloud-init[768]: The key fingerprint is:
[   14.382574] cloud-init[768]: SHA256:yfhvBVY4E3IkQtnISE9DUK2+yvNpIvZyAH0ml5rux+o root@ubuntu-bionic
[   14.384005] cloud-init[768]: The key's randomart image is:
[   14.385030] cloud-init[768]: +---[RSA 2048]----+
[   14.386215] cloud-init[768]: |   .oBB=o.+o     |
[   14.387266] cloud-init[768]: |    .o+oo++ .    |
[   14.388312] cloud-init[768]: | .   ...   +     |
[   14.389393] cloud-init[768]: |. o = .o .o      |
[   14.390351] cloud-init[768]: | . B .. S. .     |
[   14.391352] cloud-init[768]: |  +   ..    .    |
[   14.392257] cloud-init[768]: | . o   ..  .     |
[   14.393547] cloud-init[768]: |  =.* o. ..      |
[   14.395650] cloud-init[768]: | +EB+*o  ..      |
[   14.397301] cloud-init[768]: +----[SHA256]-----+
[   14.398968] cloud-init[768]: Generating public/private dsa key pair.
[   14.401296] cloud-init[768]: Your identification has been saved in /etc/ssh/ssh_host_dsa_key.
[   14.402830] cloud-init[768]: Your public key has been saved in /etc/ssh/ssh_host_dsa_key.pub.
[   14.404116] cloud-init[768]: The key fingerprint is:
[   14.405145] cloud-init[768]: SHA256:f/cq7dQmxhThU13xWLU0gjvFU3xiK/WNKYoPCi+vS/I root@ubuntu-bionic
[   14.406568] cloud-init[768]: The key's randomart image is:
[   14.408071] cloud-init[768]: +---[DSA 1024]----+
[   14.409757] cloud-init[768]: |            o.+=X|
[   14.411996] cloud-init[768]: |           . =***|
[   14.412837] cloud-init[768]: |            oo*B+|
[   14.413533] cloud-init[768]: |           oo +oo|
[   14.414402] cloud-init[768]: |        S. ..o.  |
[   14.415481] cloud-init[768]: |    .   o..  o . |
[   14.416426] cloud-init[768]: |  . .o . o. ..* o|
[   14.417162] cloud-init[768]: |   +. o   ...+.+ |
[   14.417947] cloud-init[768]: |    E=.      oo..|
[   14.418919] cloud-init[768]: +----[SHA256]-----+
[   14.419791] cloud-init[768]: Generating public/private ecdsa key pair.
[   14.420983] cloud-init[768]: Your identification has been saved in /etc/ssh/ssh_host_ecdsa_key.
[   14.422424] cloud-init[768]: Your public key has been saved in /etc/ssh/ssh_host_ecdsa_key.pub.
[   14.423947] cloud-init[768]: The key fingerprint is:
[   14.425799] cloud-init[768]: SHA256:duvbAAO/8H5sLUocAk7r8ZsWyv41LWi3x9w0W/AbqGE root@ubuntu-bionic
[   14.436392] cloud-init[768]: The key's randomart image is:
[   14.437417] cloud-init[768]: +---[ECDSA 256]---+
[   14.438325] cloud-init[768]: |                 |
[   14.439187] cloud-init[768]: |                 |
[   14.440127] cloud-init[768]: |    o .          |
[   14.441094] cloud-init[768]: |   o o o    .    |
[   14.441832] cloud-init[768]: |    + o S .  +   |
[   14.442529] cloud-init[768]: |   . o.B BE.+ +  |
[   14.453038] cloud-init[768]: |   ...+.X=+* + o |
[   14.453804] cloud-init[768]: |    o..B =Xo+ .  |
[   14.454640] cloud-init[768]: |   ..o+ +=oo.    |
[   14.455461] cloud-init[768]: +----[SHA256]-----+
[   14.456348] cloud-init[768]: Generating public/private ed25519 key pair.
[[0;32m  OK  [0m[   14.458195] cloud-init[768]: Your identification has been saved in /etc/ssh/ssh_host_ed25519_key.
[   14.458414] cloud-init[768]: Your public key has been saved in /etc/ssh/ssh_host_ed25519_key.pub.
[   14.460120] cloud-init[768]: The key fingerprint is:
[   14.460819] cloud-init[768]: SHA256:JP4D+DpQr52ZshM2Dhc7nrv4vxYjEhQJIshXillWQUo root@ubuntu-bionic
[   14.461496] cloud-init[768]: The key's randomart image is:
[   14.462615] cloud-init[768]: +--[ED25519 256]--+
[   14.463100] cloud-init[768]: |*..E+=.          |
[   14.463459] cloud-init[768]: |+.O.o            |
[   14.463932] cloud-init[768]: | +.o  . .        |
[   14.464427] cloud-init[768]: |  . oo o         |
[   14.465168] cloud-init[768]: |   o.+o S        |
[   14.465351] cloud-init[768]: |  + O.+o         |
[   14.466142] cloud-init[768]: |   O O.*o        |
[   14.466325] cloud-init[768]: |   .O.*  .       |
[   14.466873] cloud-init[768]: |  ..*Xo.         |
[   14.467290] cloud-init[768]: +----[SHA256]-----+
] Started Initial cloud-init job (metadata service crawler).
[[0;32m  OK  [0m] Reached target System Initialization.
[[0;32m  OK  [0m] Listening on ACPID Listen Socket.
[[0;32m  OK  [0m] Started Trigger to poll for Ubuntu …(Only enabled on GCP LTS non-pro).
[[0;32m  OK  [0m] Listening on Open-iSCSI iscsid Socket.
[[0;32m  OK  [0m] Started Discard unused blocks once a week.
[[0;32m  OK  [0m] Listening on D-Bus System Message Bus Socket.
         Starting LXD - unix socket.
[[0;32m  OK  [0m] Started Ubuntu Advantage Timer for running repeated jobs.
[[0;32m  OK  [0m] Started Daily apt download activities.
[[0;32m  OK  [0m] Started Daily apt upgrade and clean activities.
[[0;32m  OK  [0m] Started Daily Cleanup of Temporary Directories.
         Starting Socket activation for snappy daemon.
[[0;32m  OK  [0m] Listening on cloud-init hotplug hook socket.
[[0;32m  OK  [0m] Listening on UUID daemon activation socket.
[[0;32m  OK  [0m] Started ACPI Events Check.
[[0;32m  OK  [0m] Started Message of the Day.
[[0;32m  OK  [0m] Reached target Timers.
[[0;32m  OK  [0m] Reached target Paths.
[[0;32m  OK  [0m] Reached target Network is Online.
         Starting Availability of block devices...
[[0;32m  OK  [0m] Reached target Remote File Systems (Pre).
[[0;32m  OK  [0m] Reached target Remote File Systems.
[[0;32m  OK  [0m] Reached target Cloud-config availability.
[[0;32m  OK  [0m] Listening on LXD - unix socket.
[[0;32m  OK  [0m] Listening on Socket activation for snappy daemon.
[[0;32m  OK  [0m] Started Availability of block devices.
[[0;32m  OK  [0m] Reached target Sockets.
[[0;32m  OK  [0m] Reached target Basic System.
[[0;32m  OK  [0m] Started D-Bus System Message Bus.
         Starting System Logging Service...
         Starting LSB: Record successful boot for GRUB...
         Starting LSB: automatic crash report generation...
[[0;32m  OK  [0m] Started Regular background program processing daemon.
         Starting Accounts Service...
         Starting Pollinate to seed the pseudo random number generator...
         Starting Permit User Sessions...
[[0;32m  OK  [0m] Started Deferred execution scheduler.
[[0;32m  OK  [0m] Started FUSE filesystem for LXC.
[[0;32m  OK  [0m] Started irqbalance daemon.
         Starting Login Service...
         Starting Snap Daemon...
         Starting Virtualbox guest utils...
         Starting Dispatcher daemon for systemd-networkd...
         Starting LXD - container startup/shutdown...
[[0;32m  OK  [0m] Started System Logging Service.
[[0;32m  OK  [0m] Started Permit User Sessions.
[[0;32m  OK  [0m] Started Login Service.
[[0;32m  OK  [0m] Started Unattended Upgrades Shutdown.
         Starting Authorization Manager...
         Starting Terminate Plymouth Boot Screen...
         Starting Hold until boot process finishes up...
[[0;32m  OK  [0m] Started Hold until boot process finishes up.
         Starting Set console scheme...
[[0;32m  OK  [0m] Started Serial Getty on ttyS0.
[[0;32m  OK  [0m] Started Terminate Plymouth Boot Screen.
[[0;32m  OK  [0m] Started LSB: automatic crash report generation.
[[0;32m  OK  [0m] Started Authorization Manager.
[[0;32m  OK  [0m] Started Accounts Service.
[[0;32m  OK  [0m] Started Set console scheme.
[[0;32m  OK  [0m] Created slice system-getty.slice.
[[0;32m  OK  [0m] Started Getty on tty1.
[[0;32m  OK  [0m] Reached target Login Prompts.
[[0;32m  OK  [0m] Started LXD - container startup/shutdown.
[[0;32m  OK  [0m] Started LSB: Record successful boot for GRUB.
[[0;32m  OK  [0m] Started Virtualbox guest utils.
[[0;32m  OK  [0m] Started Dispatcher daemon for systemd-networkd.
[[0;32m  OK  [0m] Started Snap Daemon.
         Starting Wait until snapd is fully seeded...
         Starting Time & Date Service...
[[0;32m  OK  [0m] Started Time & Date Service.
[[0;32m  OK  [0m] Started Pollinate to seed the pseudo random number generator.
         Starting OpenBSD Secure Shell server...
[[0;32m  OK  [0m] Started OpenBSD Secure Shell server.
[[0;32m  OK  [0m] Created slice User Slice of vagrant.
         Starting User Manager for UID 1000...
[[0;32m  OK  [0m] Started Session 1 of user vagrant.
[[0;32m  OK  [0m] Started User Manager for UID 1000.
[[0;32m  OK  [0m] Started Wait until snapd is fully seeded.
         Starting Apply the settings specified in cloud-config...
[[0;32m  OK  [0m] Reached target Multi-User System.
[[0;32m  OK  [0m] Reached target Graphical Interface.
         Starting Update UTMP about System Runlevel Changes...
[[0;32m  OK  [0m] Started Update UTMP about System Runlevel Changes.
[   17.800990] cloud-init[1382]: Cloud-init v. 22.1-14-g2e17a0d6-0ubuntu1~18.04.3 running 'modules:config' at Sun, 01 May 2022 18:57:11 +0000. Up 17.22 seconds.
[[0;32m  OK  [0m] Started Apply the settings specified in cloud-config.
         Starting Execute cloud user/final scripts...
ci-info: no authorized SSH keys fingerprints found for user ubuntu.
<14>May  1 18:57:12 cloud-init: #############################################################
<14>May  1 18:57:12 cloud-init: -----BEGIN SSH HOST KEY FINGERPRINTS-----
<14>May  1 18:57:12 cloud-init: 1024 SHA256:f/cq7dQmxhThU13xWLU0gjvFU3xiK/WNKYoPCi+vS/I root@ubuntu-bionic (DSA)
<14>May  1 18:57:12 cloud-init: 256 SHA256:duvbAAO/8H5sLUocAk7r8ZsWyv41LWi3x9w0W/AbqGE root@ubuntu-bionic (ECDSA)
<14>May  1 18:57:12 cloud-init: 256 SHA256:JP4D+DpQr52ZshM2Dhc7nrv4vxYjEhQJIshXillWQUo root@ubuntu-bionic (ED25519)
<14>May  1 18:57:12 cloud-init: 2048 SHA256:yfhvBVY4E3IkQtnISE9DUK2+yvNpIvZyAH0ml5rux+o root@ubuntu-bionic (RSA)
<14>May  1 18:57:12 cloud-init: -----END SSH HOST KEY FINGERPRINTS-----
<14>May  1 18:57:12 cloud-init: #############################################################
-----BEGIN SSH HOST KEY KEYS-----
ecdsa-sha2-nistp256 AAAAE2VjZHNhLXNoYTItbmlzdHAyNTYAAAAIbmlzdHAyNTYAAABBBGUOLRYAnpkWXVOheC1iJSrjYrm6FQZtg3AXL8bFNHU2S1Vxkns/pBB2vv6aCLP8h6BWPQL+Q6hUoKK7Ubo1H7A= root@ubuntu-bionic
ssh-ed25519 AAAAC3NzaC1lZDI1NTE5AAAAIAPhuHXUsZm8SKTrqaBlqitP30QVq/T7GS7SRlIgiYcX root@ubuntu-bionic
ssh-rsa AAAAB3NzaC1yc2EAAAADAQABAAABAQCjPVkpvfmrwV3xdhLz8iHO5rRic6eZYFQNYOE62fIm4h/UXyb8M7+p1MxUaP3zp8FBP9erdtYglWOSBRfcmNnViQTbT7NmN9bNDTFiPtMin8WHbyh59YnP5VOvPos1KdrDN6mEwcYW4YFQQsRtYC8wdpJUfBYrIoTnW280ICsihW64WHwTCpDCcD+uXhwElwAYcZJr9wRC4HykjMT5NCGo50NOCDRWRyuQYQRdI6vD7SAbeh9roiMuKaW8GHBj7Qt7WQXBt4KwJ37UAMUYsnyXRAQMuEyXmLsSl+BWaEgn5p9kuhMe7wGFUmogyNMvBVeWgcZjgd0pZUGgprGlbtF1 root@ubuntu-bionic
-----END SSH HOST KEY KEYS-----
[   18.557956] cloud-init[1499]: Cloud-init v. 22.1-14-g2e17a0d6-0ubuntu1~18.04.3 running 'modules:final' at Sun, 01 May 2022 18:57:12 +0000. Up 18.38 seconds.
[   18.559835] cloud-init[1499]: Cloud-init v. 22.1-14-g2e17a0d6-0ubuntu1~18.04.3 finished at Sun, 01 May 2022 18:57:12 +0000. Datasource DataSourceNoCloud [seed=/dev/sdb][dsmode=net].  Up 18.54 seconds
[[0;32m  OK  [0m] Started Execute cloud user/final scripts.
[[0;32m  OK  [0m] Reached target Cloud-init target.

Ubuntu 18.04.6 LTS ubuntu-bionic ttyS0

ubuntu-bionic login: 